_program
  _method
    main
    int
    _attr
      x
      int
      _assign
        x
        _int
          0
        : int
      : int
    _attr
      y
      int
      _assign
        y
        _int
          1
        : int
      : int
    _cond
      _eq
        _object
          x
        : int
        _object
          y
        : int
      : bool
      _true
        _assign
          x
          _int
            2
          : int
        : int
        _assign
          y
          _int
            4
          : int
        : int
      _false
    : void
    _cond
      _gt
        _object
          x
        : int
        _object
          y
        : int
      : bool
      _true
        _assign
          x
          _int
            3
          : int
        : int
      _false
        _assign
          x
          _int
            4
          : int
        : int
    : void
    _return
      _object
        x
      : int
    : int