_program
  _method
    main
    void
    _attr
      x
      int
      _assign
        x
        _int
          0
        : int
      : int
    _attr
      pi
      float
      _assign
        pi
        _float
          3.14159265359
        : float
      : float
    _for_loop
      _attr
        i
        int
        _assign
          i
          _int
            0
          : int
        : int
      _lt
        _object
          i
        : int
        _int
          10
        : int
      : bool
      _assign
        i
        _plus
          _object
            i
          : int
          _int
            1
          : int
        : int
      : int
        _assign
          pi
          _plus
            _object
              pi
            : float
            _float
              2.3
            : float
          : float
        : float
    : void