_program
  _method
    main
    void
    _attr
      z
      int
      _assign
        z
        _mod
          _int
            10
          : int
          _int
            2
          : int
        : int
      : int
    _cond
      _not
        _int
          1
        : int
      : bool
      _true
        _assign
          z
          _int
            0
          : int
        : int
      _false
    : void
    _assign
      z
      _mul
        _mul
          _int
            2
          : int
          _sub
            _int
              100
            : int
            _int
              1
            : int
          : int
        : int
        _int
          5
        : int
      : int
    : int