_program
  _method
    main
    void
    _attr
      x
      int
      _assign
        x
        _int
          0
        : int
      : int
    _attr
      pi
      float
      _assign
        pi
        _float
          3.14159265359
        : float
      : float
    _while_loop
      _lt
        _object
          x
        : int
        _int
          10
        : int
      : bool
        _assign
          pi
          _plus
            _object
              pi
            : float
            _object
              pi
            : float
          : float
        : float
        _assign
          x
          _plus
            _object
              x
            : int
            _int
              1
            : int
          : int
        : int
    : void