_program
  _method
    main
    void
    _attr
      x
      float
      _assign
        x
        _float
          5.5
        : _no_type
      : _no_type
    _attr
      y
      float
      _assign
        y
        _float
          0.5
        : _no_type
      : _no_type
    _attr
      a
      float
      _no_expr
      : _no_type
    _assign
      a
      _plus
        _object
          x
        : _no_type
        _object
          y
        : _no_type
      : _no_type
    : _no_type
    _assign
      a
      _sub
        _object
          x
        : _no_type
        _object
          y
        : _no_type
      : _no_type
    : _no_type
    _assign
      a
      _mul
        _object
          x
        : _no_type
        _object
          y
        : _no_type
      : _no_type
    : _no_type
    _assign
      a
      _divide
        _object
          x
        : _no_type
        _object
          y
        : _no_type
      : _no_type
    : _no_type
    _assign
      a
      _plus
        _plus
          _plus
            _object
              x
            : _no_type
            _object
              y
            : _no_type
          : _no_type
          _int
            1
          : _no_type
        : _no_type
        _int
          2
        : _no_type
      : _no_type
    : _no_type
    _assign
      a
      _plus
        _object
          a
        : _no_type
        _object
          y
        : _no_type
      : _no_type
    : _no_type
    _assign
      a
      _sub
        _object
          a
        : _no_type
        _int
          10
        : _no_type
      : _no_type
    : _no_type
    _assign
      a
      _plus
        _object
          a
        : _no_type
        _int
          1
        : _no_type
      : _no_type
    : _no_type
    _assign
      a
      _sub
        _object
          a
        : _no_type
        _int
          1
        : _no_type
      : _no_type
    : _no_type