_program
  _method
    main
    int
    _attr
      x
      int
      _assign
        x
        _int
          0
        : _no_type
      : _no_type
    _attr
      y
      int
      _assign
        y
        _int
          1
        : _no_type
      : _no_type
    _cond
      _eq
        _object
          x
        : _no_type
        _object
          y
        : _no_type
      : _no_type
      _true
        _assign
          x
          _int
            10
          : _no_type
        : _no_type
      _false
        _cond
          _dist
            _object
              x
            : _no_type
            _object
              y
            : _no_type
          : _no_type
          _true
            _assign
              x
              _int
                20
              : _no_type
            : _no_type
          _false
            _cond
              _gt
                _object
                  x
                : _no_type
                _object
                  y
                : _no_type
              : _no_type
              _true
                _assign
                  x
                  _int
                    30
                  : _no_type
                : _no_type
              _false
                _cond
                  _lt
                    _object
                      x
                    : _no_type
                    _object
                      y
                    : _no_type
                  : _no_type
                  _true
                    _assign
                      x
                      _int
                        40
                      : _no_type
                    : _no_type
                  _false
                    _cond
                      _ge
                        _object
                          x
                        : _no_type
                        _object
                          y
                        : _no_type
                      : _no_type
                      _true
                        _assign
                          x
                          _int
                            50
                          : _no_type
                        : _no_type
                      _false
                        _cond
                          _le
                            _object
                              x
                            : _no_type
                            _object
                              y
                            : _no_type
                          : _no_type
                          _true
                            _assign
                              x
                              _int
                                60
                              : _no_type
                            : _no_type
                          _false
                            _assign
                              x
                              _int
                                70
                              : _no_type
                            : _no_type
                        : _no_type
                    : _no_type
                : _no_type
            : _no_type
        : _no_type
    : _no_type
    _return
      _object
        x
      : _no_type
    : _no_type