_program
  _method
    main
    int
    _attr
      x
      int
      _assign
        x
        _int
          0
        : _no_type
      : _no_type
    _attr
      y
      int
      _assign
        y
        _int
          1
        : _no_type
      : _no_type
    _cond
      _eq
        _object
          x
        : _no_type
        _object
          y
        : _no_type
      : _no_type
      _true
        _assign
          x
          _int
            2
          : _no_type
        : _no_type
        _assign
          y
          _int
            4
          : _no_type
        : _no_type
      _false
    : _no_type
    _cond
      _gt
        _object
          x
        : _no_type
        _object
          y
        : _no_type
      : _no_type
      _true
        _assign
          x
          _int
            3
          : _no_type
        : _no_type
      _false
        _assign
          x
          _int
            4
          : _no_type
        : _no_type
    : _no_type
    _return
      _object
        x
      : _no_type
    : _no_type