_program
  _method
    suma
    _formal
      a
      int
    _formal
      b
      int
    int
    _return
      _plus
        _object
          a
        : _no_type
        _object
          b
        : _no_type
      : _no_type
    : _no_type
  _method
    randomChar
    char
    _return
      _char
        'g'
      : _no_type
    : _no_type
  _method
    main
    void
    _attr
      x
      int
      _assign
        x
        _dispatch
          suma
          (
          _int
            3
          : _no_type
          _int
            5
          : _no_type
          )
        : _no_type
      : _no_type
    _attr
      p
      char
      _assign
        p
        _dispatch
          randomChar
          (
          )
        : _no_type
      : _no_type