_program
  _method
    main
    int
    _attr
      x
      int
      _assign
        x
        _int
          100
        : _no_type
      : _no_type
    _cond
      _gt
        _object
          x
        : _no_type
        _int
          0
        : _no_type
      : _no_type
      _true
        _cond
          _gt
            _object
              x
            : _no_type
            _int
              5
            : _no_type
          : _no_type
          _true
            _cond
              _gt
                _object
                  x
                : _no_type
                _int
                  10
                : _no_type
              : _no_type
              _true
                _cond
                  _gt
                    _object
                      x
                    : _no_type
                    _int
                      15
                    : _no_type
                  : _no_type
                  _true
                    _cond
                      _gt
                        _object
                          x
                        : _no_type
                        _int
                          20
                        : _no_type
                      : _no_type
                      _true
                        _cond
                          _gt
                            _object
                              x
                            : _no_type
                            _int
                              25
                            : _no_type
                          : _no_type
                          _true
                            _return
                              _int
                                -1
                              : _no_type
                            : _no_type
                          _false
                        : _no_type
                      _false
                    : _no_type
                  _false
                : _no_type
              _false
            : _no_type
          _false
        : _no_type
      _false
    : _no_type
    _return
      _object
        x
      : _no_type
    : _no_type