_program
  _method
    main
    void
    _attr
      x
      int
      _assign
        x
        _int
          0
        : _no_type
      : _no_type
    _attr
      j
      int
      _no_expr
      : _no_type
    _for_loop
      _attr
        i
        int
        _assign
          i
          _int
            0
          : _no_type
        : _no_type
      _lt
        _object
          i
        : _no_type
        _int
          10
        : _no_type
      : _no_type
      _assign
        i
        _plus
          _object
            i
          : _no_type
          _int
            1
          : _no_type
        : _no_type
      : _no_type
        _for_loop
          _assign
            j
            _int
              0
            : _no_type
          : _no_type
          _lt
            _object
              j
            : _no_type
            _int
              20
            : _no_type
          : _no_type
          _assign
            j
            _plus
              _object
                j
              : _no_type
              _int
                2
              : _no_type
            : _no_type
          : _no_type
            _for_loop
              _attr
                k
                int
                _assign
                  k
                  _int
                    5
                  : _no_type
                : _no_type
              _gt
                _object
                  k
                : _no_type
                _int
                  0
                : _no_type
              : _no_type
              _assign
                k
                _sub
                  _object
                    k
                  : _no_type
                  _int
                    1
                  : _no_type
                : _no_type
              : _no_type
                _assign
                  x
                  _plus
                    _object
                      x
                    : _no_type
                    _int
                      1
                    : _no_type
                  : _no_type
                : _no_type
            : _no_type
        : _no_type
    : _no_type
    _while_loop
      _int
        1
      : _no_type
        _while_loop
          _lt
            _object
              x
            : _no_type
            _int
              10
            : _no_type
          : _no_type
            _assign
              x
              _int
                4
              : _no_type
            : _no_type
        : _no_type
    : _no_type