_program
  _method
    main
    void
    _attr
      x
      int
      _assign
        x
        _int
          1
        : _no_type
      : _no_type
    _attr
      y
      int
      _assign
        y
        _int
          8
        : _no_type
      : _no_type
    _typcase
      _object
        x
      : _no_type
      _branch
        _assign
          x
          _int
            1
          : _no_type
        : _no_type
        _assign
          y
          _float
            2.0
          : _no_type
        : _no_type
        _break
        : _no_type
      : _no_type
      _branch
        _assign
          y
          _int
            3
          : _no_type
        : _no_type
        _break
        : _no_type
      : _no_type
      _branch
        _assign
          y
          _int
            78
          : _no_type
        : _no_type
      : _no_type
    : _no_type