_program
  _method
    main
    void
    _attr
      x
      int
      _assign
        x
        _int
          0
        : _no_type
      : _no_type
    _attr
      pi
      float
      _assign
        pi
        _float
          3.14159265359
        : _no_type
      : _no_type
    _while_loop
      _lt
        _object
          x
        : _no_type
        _int
          10
        : _no_type
      : _no_type
        _assign
          pi
          _plus
            _object
              pi
            : _no_type
            _object
              pi
            : _no_type
          : _no_type
        : _no_type
        _assign
          x
          _plus
            _object
              x
            : _no_type
            _int
              1
            : _no_type
          : _no_type
        : _no_type
    : _no_type