#name "identifiers.c"
#1 IDENTIFIER quasar
#2 IDENTIFIER Quasar
#3 IDENTIFIER q__uasar
#4 IDENTIFIER q__uasar__
#5 IDENTIFIER Q__uasar
#6 IDENTIFIER Q_uasar___
#7 IDENTIFIER q_23_ads
#8 IDENTIFIER q__23__ads
#9 IDENTIFIER Q_23_ads
#10 IDENTIFIER Q_23ADS
#11 INT_CONST 33
#11 IDENTIFIER fjsjs
#12 INT_CONST 34
#12 IDENTIFIER jjkljkl
#13 IDENTIFIER f3243f
#14 IDENTIFIER ___23432
#15 IDENTIFIER __fedfj
#16 IDENTIFIER _____3232FFFFF____
#17 IDENTIFIER f
#17 CHAR_CONST 'f'
#17 IDENTIFIER f
#18 IDENTIFIER quasar
#18 IDENTIFIER Quasar
#18 IDENTIFIER q__uasar
#18 IDENTIFIER q__uasar__
#18 IDENTIFIER Q__uasar
#18 IDENTIFIER Q_uasar___
#18 IDENTIFIER q_23_ads
#18 IDENTIFIER q__23__ads
#18 IDENTIFIER Q_23_ads
#18 IDENTIFIER Q_23ADS
#18 INT_CONST 33
#18 IDENTIFIER fjsjs
#18 INT_CONST 34
#18 IDENTIFIER jjkljkl
#18 IDENTIFIER f3243f
#18 IDENTIFIER ___23432
#18 IDENTIFIER __fedfj
#18 IDENTIFIER _____3232FFFFF____
